<?xml version="1.0" encoding="UTF-8"?>
<testsuite xmlns:xsi="http://www.w3.org/2001/XMLSchema-instance" xsi:noNamespaceSchemaLocation="https://maven.apache.org/surefire/maven-surefire-plugin/xsd/surefire-test-report.xsd" name="com.kyle.kyapiinterface.KyapiInterfaceApplicationTests" time="4.645" tests="1" errors="1" skipped="0" failures="0">
  <properties>
    <property name="sun.desktop" value="windows"/>
    <property name="awt.toolkit" value="sun.awt.windows.WToolkit"/>
    <property name="file.encoding.pkg" value="sun.io"/>
    <property name="java.specification.version" value="1.8"/>
    <property name="sun.cpu.isalist" value="amd64"/>
    <property name="sun.jnu.encoding" value="GBK"/>
    <property name="java.class.path" value="D:\IDEA\KyAPI\kyapi-interface\target\test-classes;D:\IDEA\KyAPI\kyapi-interface\target\classes;D:\apache-maven-3.8.3-bin\apache-maven-3.8.3\maven-repo\com\kyle\kyapi-client-sdk\0.0.1\kyapi-client-sdk-0.0.1.jar;D:\apache-maven-3.8.3-bin\apache-maven-3.8.3\maven-repo\org\springframework\boot\spring-boot-starter\2.4.5\spring-boot-starter-2.4.5.jar;D:\apache-maven-3.8.3-bin\apache-maven-3.8.3\maven-repo\org\springframework\boot\spring-boot-starter-logging\2.4.5\spring-boot-starter-logging-2.4.5.jar;D:\apache-maven-3.8.3-bin\apache-maven-3.8.3\maven-repo\ch\qos\logback\logback-classic\1.2.3\logback-classic-1.2.3.jar;D:\apache-maven-3.8.3-bin\apache-maven-3.8.3\maven-repo\ch\qos\logback\logback-core\1.2.3\logback-core-1.2.3.jar;D:\apache-maven-3.8.3-bin\apache-maven-3.8.3\maven-repo\org\apache\logging\log4j\log4j-to-slf4j\2.13.3\log4j-to-slf4j-2.13.3.jar;D:\apache-maven-3.8.3-bin\apache-maven-3.8.3\maven-repo\org\apache\logging\log4j\log4j-api\2.13.3\log4j-api-2.13.3.jar;D:\apache-maven-3.8.3-bin\apache-maven-3.8.3\maven-repo\org\slf4j\jul-to-slf4j\1.7.30\jul-to-slf4j-1.7.30.jar;D:\apache-maven-3.8.3-bin\apache-maven-3.8.3\maven-repo\jakarta\annotation\jakarta.annotation-api\1.3.5\jakarta.annotation-api-1.3.5.jar;D:\apache-maven-3.8.3-bin\apache-maven-3.8.3\maven-repo\org\yaml\snakeyaml\1.27\snakeyaml-1.27.jar;D:\apache-maven-3.8.3-bin\apache-maven-3.8.3\maven-repo\org\springframework\boot\spring-boot-starter-web\2.4.5\spring-boot-starter-web-2.4.5.jar;D:\apache-maven-3.8.3-bin\apache-maven-3.8.3\maven-repo\org\springframework\boot\spring-boot-starter-json\2.4.5\spring-boot-starter-json-2.4.5.jar;D:\apache-maven-3.8.3-bin\apache-maven-3.8.3\maven-repo\com\fasterxml\jackson\core\jackson-databind\2.11.4\jackson-databind-2.11.4.jar;D:\apache-maven-3.8.3-bin\apache-maven-3.8.3\maven-repo\com\fasterxml\jackson\core\jackson-annotations\2.11.4\jackson-annotations-2.11.4.jar;D:\apache-maven-3.8.3-bin\apache-maven-3.8.3\maven-repo\com\fasterxml\jackson\core\jackson-core\2.11.4\jackson-core-2.11.4.jar;D:\apache-maven-3.8.3-bin\apache-maven-3.8.3\maven-repo\com\fasterxml\jackson\datatype\jackson-datatype-jdk8\2.11.4\jackson-datatype-jdk8-2.11.4.jar;D:\apache-maven-3.8.3-bin\apache-maven-3.8.3\maven-repo\com\fasterxml\jackson\datatype\jackson-datatype-jsr310\2.11.4\jackson-datatype-jsr310-2.11.4.jar;D:\apache-maven-3.8.3-bin\apache-maven-3.8.3\maven-repo\com\fasterxml\jackson\module\jackson-module-parameter-names\2.11.4\jackson-module-parameter-names-2.11.4.jar;D:\apache-maven-3.8.3-bin\apache-maven-3.8.3\maven-repo\org\springframework\boot\spring-boot-starter-tomcat\2.4.5\spring-boot-starter-tomcat-2.4.5.jar;D:\apache-maven-3.8.3-bin\apache-maven-3.8.3\maven-repo\org\apache\tomcat\embed\tomcat-embed-core\9.0.45\tomcat-embed-core-9.0.45.jar;D:\apache-maven-3.8.3-bin\apache-maven-3.8.3\maven-repo\org\glassfish\jakarta.el\3.0.3\jakarta.el-3.0.3.jar;D:\apache-maven-3.8.3-bin\apache-maven-3.8.3\maven-repo\org\apache\tomcat\embed\tomcat-embed-websocket\9.0.45\tomcat-embed-websocket-9.0.45.jar;D:\apache-maven-3.8.3-bin\apache-maven-3.8.3\maven-repo\org\springframework\spring-web\5.3.6\spring-web-5.3.6.jar;D:\apache-maven-3.8.3-bin\apache-maven-3.8.3\maven-repo\org\springframework\spring-beans\5.3.6\spring-beans-5.3.6.jar;D:\apache-maven-3.8.3-bin\apache-maven-3.8.3\maven-repo\org\springframework\spring-webmvc\5.3.6\spring-webmvc-5.3.6.jar;D:\apache-maven-3.8.3-bin\apache-maven-3.8.3\maven-repo\org\springframework\spring-aop\5.3.6\spring-aop-5.3.6.jar;D:\apache-maven-3.8.3-bin\apache-maven-3.8.3\maven-repo\org\springframework\spring-context\5.3.6\spring-context-5.3.6.jar;D:\apache-maven-3.8.3-bin\apache-maven-3.8.3\maven-repo\org\springframework\spring-expression\5.3.6\spring-expression-5.3.6.jar;D:\apache-maven-3.8.3-bin\apache-maven-3.8.3\maven-repo\cn\hutool\hutool-all\5.8.9\hutool-all-5.8.9.jar;D:\apache-maven-3.8.3-bin\apache-maven-3.8.3\maven-repo\org\springframework\boot\spring-boot-devtools\2.4.5\spring-boot-devtools-2.4.5.jar;D:\apache-maven-3.8.3-bin\apache-maven-3.8.3\maven-repo\org\springframework\boot\spring-boot\2.4.5\spring-boot-2.4.5.jar;D:\apache-maven-3.8.3-bin\apache-maven-3.8.3\maven-repo\org\springframework\boot\spring-boot-autoconfigure\2.4.5\spring-boot-autoconfigure-2.4.5.jar;D:\apache-maven-3.8.3-bin\apache-maven-3.8.3\maven-repo\org\projectlombok\lombok\1.18.20\lombok-1.18.20.jar;D:\apache-maven-3.8.3-bin\apache-maven-3.8.3\maven-repo\org\springframework\boot\spring-boot-starter-test\2.4.5\spring-boot-starter-test-2.4.5.jar;D:\apache-maven-3.8.3-bin\apache-maven-3.8.3\maven-repo\org\springframework\boot\spring-boot-test\2.4.5\spring-boot-test-2.4.5.jar;D:\apache-maven-3.8.3-bin\apache-maven-3.8.3\maven-repo\org\springframework\boot\spring-boot-test-autoconfigure\2.4.5\spring-boot-test-autoconfigure-2.4.5.jar;D:\apache-maven-3.8.3-bin\apache-maven-3.8.3\maven-repo\com\jayway\jsonpath\json-path\2.4.0\json-path-2.4.0.jar;D:\apache-maven-3.8.3-bin\apache-maven-3.8.3\maven-repo\net\minidev\json-smart\2.3\json-smart-2.3.jar;D:\apache-maven-3.8.3-bin\apache-maven-3.8.3\maven-repo\net\minidev\accessors-smart\1.2\accessors-smart-1.2.jar;D:\apache-maven-3.8.3-bin\apache-maven-3.8.3\maven-repo\org\ow2\asm\asm\5.0.4\asm-5.0.4.jar;D:\apache-maven-3.8.3-bin\apache-maven-3.8.3\maven-repo\org\slf4j\slf4j-api\1.7.30\slf4j-api-1.7.30.jar;D:\apache-maven-3.8.3-bin\apache-maven-3.8.3\maven-repo\jakarta\xml\bind\jakarta.xml.bind-api\2.3.3\jakarta.xml.bind-api-2.3.3.jar;D:\apache-maven-3.8.3-bin\apache-maven-3.8.3\maven-repo\jakarta\activation\jakarta.activation-api\1.2.2\jakarta.activation-api-1.2.2.jar;D:\apache-maven-3.8.3-bin\apache-maven-3.8.3\maven-repo\org\assertj\assertj-core\3.18.1\assertj-core-3.18.1.jar;D:\apache-maven-3.8.3-bin\apache-maven-3.8.3\maven-repo\org\hamcrest\hamcrest\2.2\hamcrest-2.2.jar;D:\apache-maven-3.8.3-bin\apache-maven-3.8.3\maven-repo\org\junit\jupiter\junit-jupiter\5.7.1\junit-jupiter-5.7.1.jar;D:\apache-maven-3.8.3-bin\apache-maven-3.8.3\maven-repo\org\junit\jupiter\junit-jupiter-api\5.7.1\junit-jupiter-api-5.7.1.jar;D:\apache-maven-3.8.3-bin\apache-maven-3.8.3\maven-repo\org\apiguardian\apiguardian-api\1.1.0\apiguardian-api-1.1.0.jar;D:\apache-maven-3.8.3-bin\apache-maven-3.8.3\maven-repo\org\opentest4j\opentest4j\1.2.0\opentest4j-1.2.0.jar;D:\apache-maven-3.8.3-bin\apache-maven-3.8.3\maven-repo\org\junit\platform\junit-platform-commons\1.7.1\junit-platform-commons-1.7.1.jar;D:\apache-maven-3.8.3-bin\apache-maven-3.8.3\maven-repo\org\junit\jupiter\junit-jupiter-params\5.7.1\junit-jupiter-params-5.7.1.jar;D:\apache-maven-3.8.3-bin\apache-maven-3.8.3\maven-repo\org\junit\jupiter\junit-jupiter-engine\5.7.1\junit-jupiter-engine-5.7.1.jar;D:\apache-maven-3.8.3-bin\apache-maven-3.8.3\maven-repo\org\junit\platform\junit-platform-engine\1.7.1\junit-platform-engine-1.7.1.jar;D:\apache-maven-3.8.3-bin\apache-maven-3.8.3\maven-repo\org\mockito\mockito-core\3.6.28\mockito-core-3.6.28.jar;D:\apache-maven-3.8.3-bin\apache-maven-3.8.3\maven-repo\net\bytebuddy\byte-buddy\1.10.22\byte-buddy-1.10.22.jar;D:\apache-maven-3.8.3-bin\apache-maven-3.8.3\maven-repo\net\bytebuddy\byte-buddy-agent\1.10.22\byte-buddy-agent-1.10.22.jar;D:\apache-maven-3.8.3-bin\apache-maven-3.8.3\maven-repo\org\objenesis\objenesis\3.1\objenesis-3.1.jar;D:\apache-maven-3.8.3-bin\apache-maven-3.8.3\maven-repo\org\mockito\mockito-junit-jupiter\3.6.28\mockito-junit-jupiter-3.6.28.jar;D:\apache-maven-3.8.3-bin\apache-maven-3.8.3\maven-repo\org\skyscreamer\jsonassert\1.5.0\jsonassert-1.5.0.jar;D:\apache-maven-3.8.3-bin\apache-maven-3.8.3\maven-repo\com\vaadin\external\google\android-json\0.0.20131108.vaadin1\android-json-0.0.20131108.vaadin1.jar;D:\apache-maven-3.8.3-bin\apache-maven-3.8.3\maven-repo\org\springframework\spring-core\5.3.6\spring-core-5.3.6.jar;D:\apache-maven-3.8.3-bin\apache-maven-3.8.3\maven-repo\org\springframework\spring-jcl\5.3.6\spring-jcl-5.3.6.jar;D:\apache-maven-3.8.3-bin\apache-maven-3.8.3\maven-repo\org\springframework\spring-test\5.3.6\spring-test-5.3.6.jar;D:\apache-maven-3.8.3-bin\apache-maven-3.8.3\maven-repo\org\xmlunit\xmlunit-core\2.7.0\xmlunit-core-2.7.0.jar;"/>
    <property name="java.vm.vendor" value="Oracle Corporation"/>
    <property name="sun.arch.data.model" value="64"/>
    <property name="user.variant" value=""/>
    <property name="java.vendor.url" value="http://java.oracle.com/"/>
    <property name="user.timezone" value="Asia/Shanghai"/>
    <property name="java.vm.specification.version" value="1.8"/>
    <property name="os.name" value="Windows 10"/>
    <property name="user.country" value="CN"/>
    <property name="sun.java.launcher" value="SUN_STANDARD"/>
    <property name="sun.boot.library.path" value="D:\Program Files\Java\jdk1.8.0_131\jre\bin"/>
    <property name="sun.java.command" value="C:\WINDOWS\TEMP\surefire8170017359866914368\surefirebooter2339298434395526067.jar C:\Windows\Temp\surefire8170017359866914368 2023-05-09T20-18-33_206-jvmRun1 surefire1328715551332509693tmp surefire_02604141855182371673tmp"/>
    <property name="surefire.test.class.path" value="D:\IDEA\KyAPI\kyapi-interface\target\test-classes;D:\IDEA\KyAPI\kyapi-interface\target\classes;D:\apache-maven-3.8.3-bin\apache-maven-3.8.3\maven-repo\com\kyle\kyapi-client-sdk\0.0.1\kyapi-client-sdk-0.0.1.jar;D:\apache-maven-3.8.3-bin\apache-maven-3.8.3\maven-repo\org\springframework\boot\spring-boot-starter\2.4.5\spring-boot-starter-2.4.5.jar;D:\apache-maven-3.8.3-bin\apache-maven-3.8.3\maven-repo\org\springframework\boot\spring-boot-starter-logging\2.4.5\spring-boot-starter-logging-2.4.5.jar;D:\apache-maven-3.8.3-bin\apache-maven-3.8.3\maven-repo\ch\qos\logback\logback-classic\1.2.3\logback-classic-1.2.3.jar;D:\apache-maven-3.8.3-bin\apache-maven-3.8.3\maven-repo\ch\qos\logback\logback-core\1.2.3\logback-core-1.2.3.jar;D:\apache-maven-3.8.3-bin\apache-maven-3.8.3\maven-repo\org\apache\logging\log4j\log4j-to-slf4j\2.13.3\log4j-to-slf4j-2.13.3.jar;D:\apache-maven-3.8.3-bin\apache-maven-3.8.3\maven-repo\org\apache\logging\log4j\log4j-api\2.13.3\log4j-api-2.13.3.jar;D:\apache-maven-3.8.3-bin\apache-maven-3.8.3\maven-repo\org\slf4j\jul-to-slf4j\1.7.30\jul-to-slf4j-1.7.30.jar;D:\apache-maven-3.8.3-bin\apache-maven-3.8.3\maven-repo\jakarta\annotation\jakarta.annotation-api\1.3.5\jakarta.annotation-api-1.3.5.jar;D:\apache-maven-3.8.3-bin\apache-maven-3.8.3\maven-repo\org\yaml\snakeyaml\1.27\snakeyaml-1.27.jar;D:\apache-maven-3.8.3-bin\apache-maven-3.8.3\maven-repo\org\springframework\boot\spring-boot-starter-web\2.4.5\spring-boot-starter-web-2.4.5.jar;D:\apache-maven-3.8.3-bin\apache-maven-3.8.3\maven-repo\org\springframework\boot\spring-boot-starter-json\2.4.5\spring-boot-starter-json-2.4.5.jar;D:\apache-maven-3.8.3-bin\apache-maven-3.8.3\maven-repo\com\fasterxml\jackson\core\jackson-databind\2.11.4\jackson-databind-2.11.4.jar;D:\apache-maven-3.8.3-bin\apache-maven-3.8.3\maven-repo\com\fasterxml\jackson\core\jackson-annotations\2.11.4\jackson-annotations-2.11.4.jar;D:\apache-maven-3.8.3-bin\apache-maven-3.8.3\maven-repo\com\fasterxml\jackson\core\jackson-core\2.11.4\jackson-core-2.11.4.jar;D:\apache-maven-3.8.3-bin\apache-maven-3.8.3\maven-repo\com\fasterxml\jackson\datatype\jackson-datatype-jdk8\2.11.4\jackson-datatype-jdk8-2.11.4.jar;D:\apache-maven-3.8.3-bin\apache-maven-3.8.3\maven-repo\com\fasterxml\jackson\datatype\jackson-datatype-jsr310\2.11.4\jackson-datatype-jsr310-2.11.4.jar;D:\apache-maven-3.8.3-bin\apache-maven-3.8.3\maven-repo\com\fasterxml\jackson\module\jackson-module-parameter-names\2.11.4\jackson-module-parameter-names-2.11.4.jar;D:\apache-maven-3.8.3-bin\apache-maven-3.8.3\maven-repo\org\springframework\boot\spring-boot-starter-tomcat\2.4.5\spring-boot-starter-tomcat-2.4.5.jar;D:\apache-maven-3.8.3-bin\apache-maven-3.8.3\maven-repo\org\apache\tomcat\embed\tomcat-embed-core\9.0.45\tomcat-embed-core-9.0.45.jar;D:\apache-maven-3.8.3-bin\apache-maven-3.8.3\maven-repo\org\glassfish\jakarta.el\3.0.3\jakarta.el-3.0.3.jar;D:\apache-maven-3.8.3-bin\apache-maven-3.8.3\maven-repo\org\apache\tomcat\embed\tomcat-embed-websocket\9.0.45\tomcat-embed-websocket-9.0.45.jar;D:\apache-maven-3.8.3-bin\apache-maven-3.8.3\maven-repo\org\springframework\spring-web\5.3.6\spring-web-5.3.6.jar;D:\apache-maven-3.8.3-bin\apache-maven-3.8.3\maven-repo\org\springframework\spring-beans\5.3.6\spring-beans-5.3.6.jar;D:\apache-maven-3.8.3-bin\apache-maven-3.8.3\maven-repo\org\springframework\spring-webmvc\5.3.6\spring-webmvc-5.3.6.jar;D:\apache-maven-3.8.3-bin\apache-maven-3.8.3\maven-repo\org\springframework\spring-aop\5.3.6\spring-aop-5.3.6.jar;D:\apache-maven-3.8.3-bin\apache-maven-3.8.3\maven-repo\org\springframework\spring-context\5.3.6\spring-context-5.3.6.jar;D:\apache-maven-3.8.3-bin\apache-maven-3.8.3\maven-repo\org\springframework\spring-expression\5.3.6\spring-expression-5.3.6.jar;D:\apache-maven-3.8.3-bin\apache-maven-3.8.3\maven-repo\cn\hutool\hutool-all\5.8.9\hutool-all-5.8.9.jar;D:\apache-maven-3.8.3-bin\apache-maven-3.8.3\maven-repo\org\springframework\boot\spring-boot-devtools\2.4.5\spring-boot-devtools-2.4.5.jar;D:\apache-maven-3.8.3-bin\apache-maven-3.8.3\maven-repo\org\springframework\boot\spring-boot\2.4.5\spring-boot-2.4.5.jar;D:\apache-maven-3.8.3-bin\apache-maven-3.8.3\maven-repo\org\springframework\boot\spring-boot-autoconfigure\2.4.5\spring-boot-autoconfigure-2.4.5.jar;D:\apache-maven-3.8.3-bin\apache-maven-3.8.3\maven-repo\org\projectlombok\lombok\1.18.20\lombok-1.18.20.jar;D:\apache-maven-3.8.3-bin\apache-maven-3.8.3\maven-repo\org\springframework\boot\spring-boot-starter-test\2.4.5\spring-boot-starter-test-2.4.5.jar;D:\apache-maven-3.8.3-bin\apache-maven-3.8.3\maven-repo\org\springframework\boot\spring-boot-test\2.4.5\spring-boot-test-2.4.5.jar;D:\apache-maven-3.8.3-bin\apache-maven-3.8.3\maven-repo\org\springframework\boot\spring-boot-test-autoconfigure\2.4.5\spring-boot-test-autoconfigure-2.4.5.jar;D:\apache-maven-3.8.3-bin\apache-maven-3.8.3\maven-repo\com\jayway\jsonpath\json-path\2.4.0\json-path-2.4.0.jar;D:\apache-maven-3.8.3-bin\apache-maven-3.8.3\maven-repo\net\minidev\json-smart\2.3\json-smart-2.3.jar;D:\apache-maven-3.8.3-bin\apache-maven-3.8.3\maven-repo\net\minidev\accessors-smart\1.2\accessors-smart-1.2.jar;D:\apache-maven-3.8.3-bin\apache-maven-3.8.3\maven-repo\org\ow2\asm\asm\5.0.4\asm-5.0.4.jar;D:\apache-maven-3.8.3-bin\apache-maven-3.8.3\maven-repo\org\slf4j\slf4j-api\1.7.30\slf4j-api-1.7.30.jar;D:\apache-maven-3.8.3-bin\apache-maven-3.8.3\maven-repo\jakarta\xml\bind\jakarta.xml.bind-api\2.3.3\jakarta.xml.bind-api-2.3.3.jar;D:\apache-maven-3.8.3-bin\apache-maven-3.8.3\maven-repo\jakarta\activation\jakarta.activation-api\1.2.2\jakarta.activation-api-1.2.2.jar;D:\apache-maven-3.8.3-bin\apache-maven-3.8.3\maven-repo\org\assertj\assertj-core\3.18.1\assertj-core-3.18.1.jar;D:\apache-maven-3.8.3-bin\apache-maven-3.8.3\maven-repo\org\hamcrest\hamcrest\2.2\hamcrest-2.2.jar;D:\apache-maven-3.8.3-bin\apache-maven-3.8.3\maven-repo\org\junit\jupiter\junit-jupiter\5.7.1\junit-jupiter-5.7.1.jar;D:\apache-maven-3.8.3-bin\apache-maven-3.8.3\maven-repo\org\junit\jupiter\junit-jupiter-api\5.7.1\junit-jupiter-api-5.7.1.jar;D:\apache-maven-3.8.3-bin\apache-maven-3.8.3\maven-repo\org\apiguardian\apiguardian-api\1.1.0\apiguardian-api-1.1.0.jar;D:\apache-maven-3.8.3-bin\apache-maven-3.8.3\maven-repo\org\opentest4j\opentest4j\1.2.0\opentest4j-1.2.0.jar;D:\apache-maven-3.8.3-bin\apache-maven-3.8.3\maven-repo\org\junit\platform\junit-platform-commons\1.7.1\junit-platform-commons-1.7.1.jar;D:\apache-maven-3.8.3-bin\apache-maven-3.8.3\maven-repo\org\junit\jupiter\junit-jupiter-params\5.7.1\junit-jupiter-params-5.7.1.jar;D:\apache-maven-3.8.3-bin\apache-maven-3.8.3\maven-repo\org\junit\jupiter\junit-jupiter-engine\5.7.1\junit-jupiter-engine-5.7.1.jar;D:\apache-maven-3.8.3-bin\apache-maven-3.8.3\maven-repo\org\junit\platform\junit-platform-engine\1.7.1\junit-platform-engine-1.7.1.jar;D:\apache-maven-3.8.3-bin\apache-maven-3.8.3\maven-repo\org\mockito\mockito-core\3.6.28\mockito-core-3.6.28.jar;D:\apache-maven-3.8.3-bin\apache-maven-3.8.3\maven-repo\net\bytebuddy\byte-buddy\1.10.22\byte-buddy-1.10.22.jar;D:\apache-maven-3.8.3-bin\apache-maven-3.8.3\maven-repo\net\bytebuddy\byte-buddy-agent\1.10.22\byte-buddy-agent-1.10.22.jar;D:\apache-maven-3.8.3-bin\apache-maven-3.8.3\maven-repo\org\objenesis\objenesis\3.1\objenesis-3.1.jar;D:\apache-maven-3.8.3-bin\apache-maven-3.8.3\maven-repo\org\mockito\mockito-junit-jupiter\3.6.28\mockito-junit-jupiter-3.6.28.jar;D:\apache-maven-3.8.3-bin\apache-maven-3.8.3\maven-repo\org\skyscreamer\jsonassert\1.5.0\jsonassert-1.5.0.jar;D:\apache-maven-3.8.3-bin\apache-maven-3.8.3\maven-repo\com\vaadin\external\google\android-json\0.0.20131108.vaadin1\android-json-0.0.20131108.vaadin1.jar;D:\apache-maven-3.8.3-bin\apache-maven-3.8.3\maven-repo\org\springframework\spring-core\5.3.6\spring-core-5.3.6.jar;D:\apache-maven-3.8.3-bin\apache-maven-3.8.3\maven-repo\org\springframework\spring-jcl\5.3.6\spring-jcl-5.3.6.jar;D:\apache-maven-3.8.3-bin\apache-maven-3.8.3\maven-repo\org\springframework\spring-test\5.3.6\spring-test-5.3.6.jar;D:\apache-maven-3.8.3-bin\apache-maven-3.8.3\maven-repo\org\xmlunit\xmlunit-core\2.7.0\xmlunit-core-2.7.0.jar;"/>
    <property name="sun.cpu.endian" value="little"/>
    <property name="user.home" value="C:\Users\李旭城"/>
    <property name="user.language" value="zh"/>
    <property name="java.specification.vendor" value="Oracle Corporation"/>
    <property name="java.home" value="D:\Program Files\Java\jdk1.8.0_131\jre"/>
    <property name="basedir" value="D:\IDEA\KyAPI\kyapi-interface"/>
    <property name="file.separator" value="\"/>
    <property name="line.separator" value="&#10;"/>
    <property name="java.vm.specification.vendor" value="Oracle Corporation"/>
    <property name="java.specification.name" value="Java Platform API Specification"/>
    <property name="java.awt.graphicsenv" value="sun.awt.Win32GraphicsEnvironment"/>
    <property name="surefire.real.class.path" value="C:\WINDOWS\TEMP\surefire8170017359866914368\surefirebooter2339298434395526067.jar"/>
    <property name="sun.boot.class.path" value="D:\Program Files\Java\jdk1.8.0_131\jre\lib\resources.jar;D:\Program Files\Java\jdk1.8.0_131\jre\lib\rt.jar;D:\Program Files\Java\jdk1.8.0_131\jre\lib\sunrsasign.jar;D:\Program Files\Java\jdk1.8.0_131\jre\lib\jsse.jar;D:\Program Files\Java\jdk1.8.0_131\jre\lib\jce.jar;D:\Program Files\Java\jdk1.8.0_131\jre\lib\charsets.jar;D:\Program Files\Java\jdk1.8.0_131\jre\lib\jfr.jar;D:\Program Files\Java\jdk1.8.0_131\jre\classes"/>
    <property name="user.script" value=""/>
    <property name="sun.management.compiler" value="HotSpot 64-Bit Tiered Compilers"/>
    <property name="java.runtime.version" value="1.8.0_131-b11"/>
    <property name="user.name" value="Kyle"/>
    <property name="path.separator" value=";"/>
    <property name="os.version" value="10.0"/>
    <property name="java.endorsed.dirs" value="D:\Program Files\Java\jdk1.8.0_131\jre\lib\endorsed"/>
    <property name="java.runtime.name" value="Java(TM) SE Runtime Environment"/>
    <property name="file.encoding" value="GBK"/>
    <property name="java.vm.name" value="Java HotSpot(TM) 64-Bit Server VM"/>
    <property name="localRepository" value="D:\apache-maven-3.8.3-bin\apache-maven-3.8.3\maven-repo"/>
    <property name="java.vendor.url.bug" value="http://bugreport.sun.com/bugreport/"/>
    <property name="java.io.tmpdir" value="C:\WINDOWS\TEMP\"/>
    <property name="java.version" value="1.8.0_131"/>
    <property name="user.dir" value="D:\IDEA\KyAPI\kyapi-interface"/>
    <property name="os.arch" value="amd64"/>
    <property name="java.vm.specification.name" value="Java Virtual Machine Specification"/>
    <property name="java.awt.printerjob" value="sun.awt.windows.WPrinterJob"/>
    <property name="sun.os.patch.level" value=""/>
    <property name="idea.version2019.3.3" value="true"/>
    <property name="java.library.path" value="D:\Program Files\Java\jdk1.8.0_131\jre\bin;C:\WINDOWS\Sun\Java\bin;C:\WINDOWS\system32;C:\WINDOWS;D:\Program Files\Java\jdk1.8.0_131\bin\;D:\VMware\bin\;C:\Program Files (x86)\Common Files\Oracle\Java\javapath;C:\ProgramData\Oracle\Java\javapath;C:\Windows\system32;C:\Windows;C:\Windows\System32\Wbem;C:\Windows\System32\WindowsPowerShell\v1.0\;C:\Windows\System32\OpenSSH\;C:\Program Files (x86)\NVIDIA Corporation\PhysX\Common;C:\Program Files\NVIDIA Corporation\NVIDIA NvDLISR;C:\Program Files (x86)\Intel\Intel(R) Management Engine Components\DAL;C:\Program Files\Intel\Intel(R) Management Engine Components\DAL;C:\Program Files\Intel\WiFi\bin\;C:\Program Files\Common Files\Intel\WirelessCommon\;&quot;;C:\WINDOWS\system32&quot;;C:\WINDOWS\system32;C:\WINDOWS;C:\WINDOWS\System32\Wbem;C:\WINDOWS\System32\WindowsPowerShell\v1.0\;C:\WINDOWS\System32\OpenSSH\;D:\VScode\Microsoft VS Code\bin;&quot;D:\Program Files\Java\jdk1.8.0_131\bin;D:\Program Files\Java\jdk1.8.0_131\jre\bin&quot;;D:\apache-maven-3.8.3-bin\apache-maven-3.8.3\bin;C:\Program Files\Microsoft SQL Server\Client SDK\ODBC\170\Tools\Binn\;C:\Program Files (x86)\Microsoft SQL Server\150\Tools\Binn\;C:\Program Files\Microsoft SQL Server\150\Tools\Binn\;C:\Program Files\Microsoft SQL Server\150\DTS\Binn\;C:\Program Files (x86)\Microsoft SQL Server\150\DTS\Binn\;C:\Program Files\Azure Data Studio\bin;D:\Git\cmd;D:\Python11;D:\Python11\Scripts;D:\node.js\nodejs-v16\nodejs;&quot;D:\JMeter\apache-jmeter-5.5\lib\ext\ApacheJMeter_core.jar;D:\JMeter\apache-jmeter-5.5\lib\jorphan.jar&quot;;D:\JMeter\apache-jmeter-5.5\bin;D:\Xshell-7\;D:\node.js\nodejs-v16\;D:\node.js\nodejs-v16\nodejs\node_global;C:\Users\李旭城\AppData\Roaming\npm;;."/>
    <property name="java.vm.info" value="mixed mode"/>
    <property name="java.vendor" value="Oracle Corporation"/>
    <property name="java.vm.version" value="25.131-b11"/>
    <property name="java.ext.dirs" value="D:\Program Files\Java\jdk1.8.0_131\jre\lib\ext;C:\WINDOWS\Sun\Java\lib\ext"/>
    <property name="sun.io.unicode.encoding" value="UnicodeLittle"/>
    <property name="maven.repo.local" value="D:\apache-maven-3.8.3-bin\apache-maven-3.8.3\maven-repo"/>
    <property name="java.class.version" value="52.0"/>
  </properties>
  <testcase name="contextLoads" classname="com.kyle.kyapiinterface.KyapiInterfaceApplicationTests" time="2.417">
    <error message="ConnectException: Connection refused: connect" type="cn.hutool.core.io.IORuntimeException">cn.hutool.core.io.IORuntimeException: ConnectException: Connection refused: connect
	at com.kyle.kyapiinterface.KyapiInterfaceApplicationTests.contextLoads(KyapiInterfaceApplicationTests.java:18)
Caused by: java.net.ConnectException: Connection refused: connect
	at com.kyle.kyapiinterface.KyapiInterfaceApplicationTests.contextLoads(KyapiInterfaceApplicationTests.java:18)
</error>
    <system-out><![CDATA[20:18:34.636 [main] DEBUG org.springframework.test.context.BootstrapUtils - Instantiating CacheAwareContextLoaderDelegate from class [org.springframework.test.context.cache.DefaultCacheAwareContextLoaderDelegate]
20:18:34.648 [main] DEBUG org.springframework.test.context.BootstrapUtils - Instantiating BootstrapContext using constructor [public org.springframework.test.context.support.DefaultBootstrapContext(java.lang.Class,org.springframework.test.context.CacheAwareContextLoaderDelegate)]
20:18:34.684 [main] DEBUG org.springframework.test.context.BootstrapUtils - Instantiating TestContextBootstrapper for test class [com.kyle.kyapiinterface.KyapiInterfaceApplicationTests] from class [org.springframework.boot.test.context.SpringBootTestContextBootstrapper]
20:18:34.700 [main] INFO org.springframework.boot.test.context.SpringBootTestContextBootstrapper - Neither @ContextConfiguration nor @ContextHierarchy found for test class [com.kyle.kyapiinterface.KyapiInterfaceApplicationTests], using SpringBootContextLoader
20:18:34.702 [main] DEBUG org.springframework.test.context.support.AbstractContextLoader - Did not detect default resource location for test class [com.kyle.kyapiinterface.KyapiInterfaceApplicationTests]: class path resource [com/kyle/kyapiinterface/KyapiInterfaceApplicationTests-context.xml] does not exist
20:18:34.704 [main] DEBUG org.springframework.test.context.support.AbstractContextLoader - Did not detect default resource location for test class [com.kyle.kyapiinterface.KyapiInterfaceApplicationTests]: class path resource [com/kyle/kyapiinterface/KyapiInterfaceApplicationTestsContext.groovy] does not exist
20:18:34.704 [main] INFO org.springframework.test.context.support.AbstractContextLoader - Could not detect default resource locations for test class [com.kyle.kyapiinterface.KyapiInterfaceApplicationTests]: no resource found for suffixes {-context.xml, Context.groovy}.
20:18:34.704 [main] INFO org.springframework.test.context.support.AnnotationConfigContextLoaderUtils - Could not detect default configuration classes for test class [com.kyle.kyapiinterface.KyapiInterfaceApplicationTests]: KyapiInterfaceApplicationTests does not declare any static, non-private, non-final, nested classes annotated with @Configuration.
20:18:34.744 [main] DEBUG org.springframework.test.context.support.ActiveProfilesUtils - Could not find an 'annotation declaring class' for annotation type [org.springframework.test.context.ActiveProfiles] and class [com.kyle.kyapiinterface.KyapiInterfaceApplicationTests]
20:18:34.814 [main] DEBUG org.springframework.context.annotation.ClassPathScanningCandidateComponentProvider - Identified candidate component class: file [D:\IDEA\KyAPI\kyapi-interface\target\classes\com\kyle\kyapiinterface\KyapiInterfaceApplication.class]
20:18:34.816 [main] INFO org.springframework.boot.test.context.SpringBootTestContextBootstrapper - Found @SpringBootConfiguration com.kyle.kyapiinterface.KyapiInterfaceApplication for test class com.kyle.kyapiinterface.KyapiInterfaceApplicationTests
20:18:34.912 [main] DEBUG org.springframework.boot.test.context.SpringBootTestContextBootstrapper - @TestExecutionListeners is not present for class [com.kyle.kyapiinterface.KyapiInterfaceApplicationTests]: using defaults.
20:18:34.912 [main] INFO org.springframework.boot.test.context.SpringBootTestContextBootstrapper - Loaded default TestExecutionListener class names from location [META-INF/spring.factories]: [org.springframework.boot.test.mock.mockito.MockitoTestExecutionListener, org.springframework.boot.test.mock.mockito.ResetMocksTestExecutionListener, org.springframework.boot.test.autoconfigure.restdocs.RestDocsTestExecutionListener, org.springframework.boot.test.autoconfigure.web.client.MockRestServiceServerResetTestExecutionListener, org.springframework.boot.test.autoconfigure.web.servlet.MockMvcPrintOnlyOnFailureTestExecutionListener, org.springframework.boot.test.autoconfigure.web.servlet.WebDriverTestExecutionListener, org.springframework.boot.test.autoconfigure.webservices.client.MockWebServiceServerTestExecutionListener, org.springframework.test.context.web.ServletTestExecutionListener, org.springframework.test.context.support.DirtiesContextBeforeModesTestExecutionListener, org.springframework.test.context.event.ApplicationEventsTestExecutionListener, org.springframework.test.context.support.DependencyInjectionTestExecutionListener, org.springframework.test.context.support.DirtiesContextTestExecutionListener, org.springframework.test.context.transaction.TransactionalTestExecutionListener, org.springframework.test.context.jdbc.SqlScriptsTestExecutionListener, org.springframework.test.context.event.EventPublishingTestExecutionListener]
20:18:34.931 [main] DEBUG org.springframework.boot.test.context.SpringBootTestContextBootstrapper - Skipping candidate TestExecutionListener [org.springframework.test.context.transaction.TransactionalTestExecutionListener] due to a missing dependency. Specify custom listener classes or make the default listener classes and their required dependencies available. Offending class: [org/springframework/transaction/interceptor/TransactionAttributeSource]
20:18:34.931 [main] DEBUG org.springframework.boot.test.context.SpringBootTestContextBootstrapper - Skipping candidate TestExecutionListener [org.springframework.test.context.jdbc.SqlScriptsTestExecutionListener] due to a missing dependency. Specify custom listener classes or make the default listener classes and their required dependencies available. Offending class: [org/springframework/transaction/interceptor/TransactionAttribute]
20:18:34.932 [main] INFO org.springframework.boot.test.context.SpringBootTestContextBootstrapper - Using TestExecutionListeners: [org.springframework.test.context.web.ServletTestExecutionListener@74d1dc36, org.springframework.test.context.support.DirtiesContextBeforeModesTestExecutionListener@7161d8d1, org.springframework.test.context.event.ApplicationEventsTestExecutionListener@74e28667, org.springframework.boot.test.mock.mockito.MockitoTestExecutionListener@1cf6d1be, org.springframework.boot.test.autoconfigure.SpringBootDependencyInjectionTestExecutionListener@663c9e7a, org.springframework.test.context.support.DirtiesContextTestExecutionListener@19e4653c, org.springframework.test.context.event.EventPublishingTestExecutionListener@795509d9, org.springframework.boot.test.mock.mockito.ResetMocksTestExecutionListener@53045c6c, org.springframework.boot.test.autoconfigure.restdocs.RestDocsTestExecutionListener@5149d738, org.springframework.boot.test.autoconfigure.web.client.MockRestServiceServerResetTestExecutionListener@6bbe85a8, org.springframework.boot.test.autoconfigure.web.servlet.MockMvcPrintOnlyOnFailureTestExecutionListener@3a7442c7, org.springframework.boot.test.autoconfigure.web.servlet.WebDriverTestExecutionListener@4be29ed9, org.springframework.boot.test.autoconfigure.webservices.client.MockWebServiceServerTestExecutionListener@548d708a]
20:18:34.934 [main] DEBUG org.springframework.test.context.support.AbstractDirtiesContextTestExecutionListener - Before test class: context [DefaultTestContext@7f485fda testClass = KyapiInterfaceApplicationTests, testInstance = [null], testMethod = [null], testException = [null], mergedContextConfiguration = [WebMergedContextConfiguration@28261e8e testClass = KyapiInterfaceApplicationTests, locations = '{}', classes = '{class com.kyle.kyapiinterface.KyapiInterfaceApplication}', contextInitializerClasses = '[]', activeProfiles = '{}', propertySourceLocations = '{}', propertySourceProperties = '{org.springframework.boot.test.context.SpringBootTestContextBootstrapper=true}', contextCustomizers = set[org.springframework.boot.test.context.filter.ExcludeFilterContextCustomizer@1afd44cb, org.springframework.boot.test.json.DuplicateJsonObjectContextCustomizerFactory$DuplicateJsonObjectContextCustomizer@43195e57, org.springframework.boot.test.mock.mockito.MockitoContextCustomizer@0, org.springframework.boot.test.web.client.TestRestTemplateContextCustomizer@71809907, org.springframework.boot.test.autoconfigure.actuate.metrics.MetricsExportContextCustomizerFactory$DisableMetricExportContextCustomizer@3bb9a3ff, org.springframework.boot.test.autoconfigure.properties.PropertyMappingContextCustomizer@0, org.springframework.boot.test.autoconfigure.web.servlet.WebDriverContextCustomizerFactory$Customizer@5876a9af, org.springframework.boot.test.context.SpringBootTestArgs@1, org.springframework.boot.test.context.SpringBootTestWebEnvironment@62ee68d8], resourceBasePath = 'src/main/webapp', contextLoader = 'org.springframework.boot.test.context.SpringBootContextLoader', parent = [null]], attributes = map['org.springframework.test.context.web.ServletTestExecutionListener.activateListener' -> true]], class annotated with @DirtiesContext [false] with mode [null].
20:18:34.969 [main] DEBUG org.springframework.test.context.support.TestPropertySourceUtils - Adding inlined properties to environment: {spring.jmx.enabled=false, org.springframework.boot.test.context.SpringBootTestContextBootstrapper=true}

  .   ____          _            __ _ _
 /\\ / ___'_ __ _ _(_)_ __  __ _ \ \ \ \
( ( )\___ | '_ | '_| | '_ \/ _` | \ \ \ \
 \\/  ___)| |_)| | | | | || (_| |  ) ) ) )
  '  |____| .__|_| |_|_| |_\__, | / / / /
 =========|_|==============|___/=/_/_/_/
 :: Spring Boot ::                (v2.4.5)

2023-05-09 20:18:35.294  INFO 24984 --- [           main] c.k.k.KyapiInterfaceApplicationTests     : Starting KyapiInterfaceApplicationTests using Java 1.8.0_131 on DESKTOP-9UQ1NJJ with PID 24984 (started by Kyle in D:\IDEA\KyAPI\kyapi-interface)
2023-05-09 20:18:35.296  INFO 24984 --- [           main] c.k.k.KyapiInterfaceApplicationTests     : No active profile set, falling back to default profiles: default
2023-05-09 20:18:36.469  INFO 24984 --- [           main] o.s.s.concurrent.ThreadPoolTaskExecutor  : Initializing ExecutorService 'applicationTaskExecutor'
2023-05-09 20:18:36.774  INFO 24984 --- [           main] c.k.k.KyapiInterfaceApplicationTests     : Started KyapiInterfaceApplicationTests in 1.798 seconds (JVM running for 2.747)
]]></system-out>
  </testcase>
</testsuite>